\BOOKMARK [0][-]{chapter.1}{\376\377\000I\000n\000d\000e\000x\000\040\000d\000e\000s\000\040\000c\000l\000a\000s\000s\000e\000s}{}
\BOOKMARK [1][-]{section.1.1}{\376\377\000L\000i\000s\000t\000e\000\040\000d\000e\000s\000\040\000c\000l\000a\000s\000s\000e\000s}{chapter.1}
\BOOKMARK [0][-]{chapter.2}{\376\377\000I\000n\000d\000e\000x\000\040\000d\000e\000s\000\040\000f\000i\000c\000h\000i\000e\000r\000s}{}
\BOOKMARK [1][-]{section.2.1}{\376\377\000L\000i\000s\000t\000e\000\040\000d\000e\000s\000\040\000f\000i\000c\000h\000i\000e\000r\000s}{chapter.2}
\BOOKMARK [0][-]{chapter.3}{\376\377\000D\000o\000c\000u\000m\000e\000n\000t\000a\000t\000i\000o\000n\000\040\000d\000e\000s\000\040\000c\000l\000a\000s\000s\000e\000s}{}
\BOOKMARK [1][-]{section.3.1}{\376\377\000R\000\351\000f\000\351\000r\000e\000n\000c\000e\000\040\000d\000e\000\040\000l\000a\000\040\000s\000t\000r\000u\000c\000t\000u\000r\000e\000\040\000D\000i\000s\000t\000a\000n\000c\000e}{chapter.3}
\BOOKMARK [2][-]{subsection.3.1.1}{\376\377\000D\000e\000s\000c\000r\000i\000p\000t\000i\000o\000n\000\040\000d\000\351\000t\000a\000i\000l\000l\000\351\000e}{section.3.1}
\BOOKMARK [1][-]{section.3.2}{\376\377\000R\000\351\000f\000\351\000r\000e\000n\000c\000e\000\040\000d\000e\000\040\000l\000a\000\040\000s\000t\000r\000u\000c\000t\000u\000r\000e\000\040\000E\000r\000r\000o\000r\000s}{chapter.3}
\BOOKMARK [2][-]{subsection.3.2.1}{\376\377\000D\000e\000s\000c\000r\000i\000p\000t\000i\000o\000n\000\040\000d\000\351\000t\000a\000i\000l\000l\000\351\000e}{section.3.2}
\BOOKMARK [1][-]{section.3.3}{\376\377\000R\000\351\000f\000\351\000r\000e\000n\000c\000e\000\040\000d\000e\000\040\000l\000a\000\040\000s\000t\000r\000u\000c\000t\000u\000r\000e\000\040\000I\000n\000s\000t\000a\000n\000c\000e}{chapter.3}
\BOOKMARK [2][-]{subsection.3.3.1}{\376\377\000D\000e\000s\000c\000r\000i\000p\000t\000i\000o\000n\000\040\000d\000\351\000t\000a\000i\000l\000l\000\351\000e}{section.3.3}
\BOOKMARK [1][-]{section.3.4}{\376\377\000R\000\351\000f\000\351\000r\000e\000n\000c\000e\000\040\000d\000e\000\040\000l\000a\000\040\000s\000t\000r\000u\000c\000t\000u\000r\000e\000\040\000T\000o\000u\000r}{chapter.3}
\BOOKMARK [2][-]{subsection.3.4.1}{\376\377\000D\000e\000s\000c\000r\000i\000p\000t\000i\000o\000n\000\040\000d\000\351\000t\000a\000i\000l\000l\000\351\000e}{section.3.4}
\BOOKMARK [1][-]{section.3.5}{\376\377\000R\000\351\000f\000\351\000r\000e\000n\000c\000e\000\040\000d\000e\000\040\000l\000a\000\040\000s\000t\000r\000u\000c\000t\000u\000r\000e\000\040\000T\000o\000w\000n}{chapter.3}
\BOOKMARK [2][-]{subsection.3.5.1}{\376\377\000D\000e\000s\000c\000r\000i\000p\000t\000i\000o\000n\000\040\000d\000\351\000t\000a\000i\000l\000l\000\351\000e}{section.3.5}
\BOOKMARK [0][-]{chapter.4}{\376\377\000D\000o\000c\000u\000m\000e\000n\000t\000a\000t\000i\000o\000n\000\040\000d\000e\000s\000\040\000f\000i\000c\000h\000i\000e\000r\000s}{}
\BOOKMARK [1][-]{section.4.1}{\376\377\000R\000\351\000f\000\351\000r\000e\000n\000c\000e\000\040\000d\000u\000\040\000f\000i\000c\000h\000i\000e\000r\000\040\000/\000d\000e\000v\000e\000l\000o\000p\000m\000e\000n\000t\000/\000c\000o\000u\000r\000s\000/\000L\0002\000/\000a\000l\000g\000o\0003\000/\000T\000P\000/\000v\000o\000y\000a\000g\000e\000C\000o\000m\000m\000e\000r\000c\000e\000/\000l\000i\000b\000/\000b\000r\000u\000t\000e\000F\000o\000r\000c\000e\000.\000h}{chapter.4}
\BOOKMARK [2][-]{subsection.4.1.1}{\376\377\000D\000e\000s\000c\000r\000i\000p\000t\000i\000o\000n\000\040\000d\000\351\000t\000a\000i\000l\000l\000\351\000e}{section.4.1}
\BOOKMARK [2][-]{subsection.4.1.2}{\376\377\000D\000o\000c\000u\000m\000e\000n\000t\000a\000t\000i\000o\000n\000\040\000d\000e\000s\000\040\000f\000o\000n\000c\000t\000i\000o\000n\000s}{section.4.1}
\BOOKMARK [3][-]{subsubsection.4.1.2.1}{\376\377\000b\000r\000u\000t\000e\000F\000o\000r\000c\000e\000\137\000b\000e\000s\000t\000P\000a\000t\000h}{subsection.4.1.2}
\BOOKMARK [1][-]{section.4.2}{\376\377\000R\000\351\000f\000\351\000r\000e\000n\000c\000e\000\040\000d\000u\000\040\000f\000i\000c\000h\000i\000e\000r\000\040\000/\000d\000e\000v\000e\000l\000o\000p\000m\000e\000n\000t\000/\000c\000o\000u\000r\000s\000/\000L\0002\000/\000a\000l\000g\000o\0003\000/\000T\000P\000/\000v\000o\000y\000a\000g\000e\000C\000o\000m\000m\000e\000r\000c\000e\000/\000l\000i\000b\000/\000d\000i\000s\000t\000a\000n\000c\000e\000.\000h}{chapter.4}
\BOOKMARK [2][-]{subsection.4.2.1}{\376\377\000D\000e\000s\000c\000r\000i\000p\000t\000i\000o\000n\000\040\000d\000\351\000t\000a\000i\000l\000l\000\351\000e}{section.4.2}
\BOOKMARK [2][-]{subsection.4.2.2}{\376\377\000D\000o\000c\000u\000m\000e\000n\000t\000a\000t\000i\000o\000n\000\040\000d\000e\000s\000\040\000f\000o\000n\000c\000t\000i\000o\000n\000s}{section.4.2}
\BOOKMARK [3][-]{subsubsection.4.2.2.1}{\376\377\000d\000i\000s\000t\000a\000n\000c\000e\000\137\000b\000e\000t\000w\000e\000e\000n\000T\000o\000w\000n\000s}{subsection.4.2.2}
\BOOKMARK [3][-]{subsubsection.4.2.2.2}{\376\377\000d\000i\000s\000t\000a\000n\000c\000e\000\137\000c\000a\000l\000c\000u\000l\000D\000i\000s\000t\000a\000n\000c\000e}{subsection.4.2.2}
\BOOKMARK [3][-]{subsubsection.4.2.2.3}{\376\377\000d\000i\000s\000t\000a\000n\000c\000e\000\137\000n\000e\000w}{subsection.4.2.2}
\BOOKMARK [1][-]{section.4.3}{\376\377\000R\000\351\000f\000\351\000r\000e\000n\000c\000e\000\040\000d\000u\000\040\000f\000i\000c\000h\000i\000e\000r\000\040\000/\000d\000e\000v\000e\000l\000o\000p\000m\000e\000n\000t\000/\000c\000o\000u\000r\000s\000/\000L\0002\000/\000a\000l\000g\000o\0003\000/\000T\000P\000/\000v\000o\000y\000a\000g\000e\000C\000o\000m\000m\000e\000r\000c\000e\000/\000l\000i\000b\000/\000e\000r\000r\000o\000r\000s\000.\000h}{chapter.4}
\BOOKMARK [2][-]{subsection.4.3.1}{\376\377\000D\000e\000s\000c\000r\000i\000p\000t\000i\000o\000n\000\040\000d\000\351\000t\000a\000i\000l\000l\000\351\000e}{section.4.3}
\BOOKMARK [2][-]{subsection.4.3.2}{\376\377\000D\000o\000c\000u\000m\000e\000n\000t\000a\000t\000i\000o\000n\000\040\000d\000e\000s\000\040\000f\000o\000n\000c\000t\000i\000o\000n\000s}{section.4.3}
\BOOKMARK [3][-]{subsubsection.4.3.2.1}{\376\377\000e\000r\000r\000o\000r\000s\000\137\000d\000i\000s\000p\000l\000a\000y\000E\000r\000r\000o\000r\000s\000M\000e\000s\000s\000a\000g\000e}{subsection.4.3.2}
\BOOKMARK [3][-]{subsubsection.4.3.2.2}{\376\377\000e\000r\000r\000o\000r\000s\000\137\000i\000n\000i\000t\000i\000a\000l\000i\000z\000e}{subsection.4.3.2}
\BOOKMARK [3][-]{subsubsection.4.3.2.3}{\376\377\000e\000r\000r\000o\000r\000s\000\137\000s\000e\000t\000F\000i\000l\000e\000N\000o\000t\000F\000o\000u\000n\000d}{subsection.4.3.2}
\BOOKMARK [3][-]{subsubsection.4.3.2.4}{\376\377\000e\000r\000r\000o\000r\000s\000\137\000s\000e\000t\000L\000s\000r\000N\000o\000t\000V\000a\000l\000i\000d\000P\000a\000r\000a\000m\000e\000t\000e\000r}{subsection.4.3.2}
\BOOKMARK [3][-]{subsubsection.4.3.2.5}{\376\377\000e\000r\000r\000o\000r\000s\000\137\000s\000e\000t\000N\000b\000A\000r\000g\000u\000m\000e\000n\000t\000s}{subsection.4.3.2}
\BOOKMARK [3][-]{subsubsection.4.3.2.6}{\376\377\000e\000r\000r\000o\000r\000s\000\137\000s\000e\000t\000N\000o\000A\000l\000g\000o\000S\000p\000e\000c\000i\000f\000i\000e\000d}{subsection.4.3.2}
\BOOKMARK [3][-]{subsubsection.4.3.2.7}{\376\377\000e\000r\000r\000o\000r\000s\000\137\000s\000e\000t\000T\000a\000g\000F\000N\000o\000t\000F\000o\000u\000n\000d}{subsection.4.3.2}
\BOOKMARK [1][-]{section.4.4}{\376\377\000R\000\351\000f\000\351\000r\000e\000n\000c\000e\000\040\000d\000u\000\040\000f\000i\000c\000h\000i\000e\000r\000\040\000/\000d\000e\000v\000e\000l\000o\000p\000m\000e\000n\000t\000/\000c\000o\000u\000r\000s\000/\000L\0002\000/\000a\000l\000g\000o\0003\000/\000T\000P\000/\000v\000o\000y\000a\000g\000e\000C\000o\000m\000m\000e\000r\000c\000e\000/\000l\000i\000b\000/\000i\000n\000s\000t\000a\000n\000c\000e\000.\000h}{chapter.4}
\BOOKMARK [2][-]{subsection.4.4.1}{\376\377\000D\000e\000s\000c\000r\000i\000p\000t\000i\000o\000n\000\040\000d\000\351\000t\000a\000i\000l\000l\000\351\000e}{section.4.4}
\BOOKMARK [2][-]{subsection.4.4.2}{\376\377\000D\000o\000c\000u\000m\000e\000n\000t\000a\000t\000i\000o\000n\000\040\000d\000e\000s\000\040\000f\000o\000n\000c\000t\000i\000o\000n\000s}{section.4.4}
\BOOKMARK [3][-]{subsubsection.4.4.2.1}{\376\377\000i\000n\000s\000t\000a\000n\000c\000e\000\137\000d\000i\000s\000p\000l\000a\000y}{subsection.4.4.2}
\BOOKMARK [3][-]{subsubsection.4.4.2.2}{\376\377\000i\000n\000s\000t\000a\000n\000c\000e\000\137\000d\000i\000s\000p\000l\000a\000y\000L\000i\000n\000e\000a\000r\000V\000e\000c\000t\000o\000r}{subsection.4.4.2}
\BOOKMARK [3][-]{subsubsection.4.4.2.3}{\376\377\000i\000n\000s\000t\000a\000n\000c\000e\000\137\000d\000i\000s\000p\000l\000a\000y\000M\000a\000t\000r\000i\000x}{subsection.4.4.2}
\BOOKMARK [3][-]{subsubsection.4.4.2.4}{\376\377\000i\000n\000s\000t\000a\000n\000c\000e\000\137\000i\000n\000i\000t\000i\000a\000l\000i\000z\000e}{subsection.4.4.2}
\BOOKMARK [3][-]{subsubsection.4.4.2.5}{\376\377\000i\000n\000s\000t\000a\000n\000c\000e\000\137\000i\000n\000i\000t\000i\000a\000l\000i\000z\000e\000D\000i\000s\000t\000a\000n\000c\000e\000s}{subsection.4.4.2}
\BOOKMARK [3][-]{subsubsection.4.4.2.6}{\376\377\000i\000n\000s\000t\000a\000n\000c\000e\000\137\000p\000u\000s\000h}{subsection.4.4.2}
\BOOKMARK [1][-]{section.4.5}{\376\377\000R\000\351\000f\000\351\000r\000e\000n\000c\000e\000\040\000d\000u\000\040\000f\000i\000c\000h\000i\000e\000r\000\040\000/\000d\000e\000v\000e\000l\000o\000p\000m\000e\000n\000t\000/\000c\000o\000u\000r\000s\000/\000L\0002\000/\000a\000l\000g\000o\0003\000/\000T\000P\000/\000v\000o\000y\000a\000g\000e\000C\000o\000m\000m\000e\000r\000c\000e\000/\000l\000i\000b\000/\000p\000a\000r\000s\000i\000n\000g\000.\000h}{chapter.4}
\BOOKMARK [2][-]{subsection.4.5.1}{\376\377\000D\000e\000s\000c\000r\000i\000p\000t\000i\000o\000n\000\040\000d\000\351\000t\000a\000i\000l\000l\000\351\000e}{section.4.5}
\BOOKMARK [2][-]{subsection.4.5.2}{\376\377\000D\000o\000c\000u\000m\000e\000n\000t\000a\000t\000i\000o\000n\000\040\000d\000u\000\040\000t\000y\000p\000e\000\040\000d\000e\000\040\000l\000'\000\351\000n\000u\000m\000\351\000r\000a\000t\000i\000o\000n}{section.4.5}
\BOOKMARK [3][-]{subsubsection.4.5.2.1}{\376\377\000A\000l\000g\000o\000T\000y\000p\000e}{subsection.4.5.2}
\BOOKMARK [2][-]{subsection.4.5.3}{\376\377\000D\000o\000c\000u\000m\000e\000n\000t\000a\000t\000i\000o\000n\000\040\000d\000e\000s\000\040\000f\000o\000n\000c\000t\000i\000o\000n\000s}{section.4.5}
\BOOKMARK [3][-]{subsubsection.4.5.3.1}{\376\377\000p\000a\000r\000s\000i\000n\000g\000\137\000a\000l\000g\000o\000T\000y\000p\000e}{subsection.4.5.3}
\BOOKMARK [3][-]{subsubsection.4.5.3.2}{\376\377\000p\000a\000r\000s\000i\000n\000g\000\137\000p\000a\000r\000s\000e\000F\000i\000l\000e\000N\000a\000m\000e}{subsection.4.5.3}
\BOOKMARK [3][-]{subsubsection.4.5.3.3}{\376\377\000p\000a\000r\000s\000i\000n\000g\000\137\000p\000a\000r\000s\000e\000V\000e\000r\000b\000o\000s\000e\000M\000o\000d\000e}{subsection.4.5.3}
\BOOKMARK [1][-]{section.4.6}{\376\377\000R\000\351\000f\000\351\000r\000e\000n\000c\000e\000\040\000d\000u\000\040\000f\000i\000c\000h\000i\000e\000r\000\040\000/\000d\000e\000v\000e\000l\000o\000p\000m\000e\000n\000t\000/\000c\000o\000u\000r\000s\000/\000L\0002\000/\000a\000l\000g\000o\0003\000/\000T\000P\000/\000v\000o\000y\000a\000g\000e\000C\000o\000m\000m\000e\000r\000c\000e\000/\000l\000i\000b\000/\000t\000o\000u\000r\000.\000h}{chapter.4}
\BOOKMARK [2][-]{subsection.4.6.1}{\376\377\000D\000e\000s\000c\000r\000i\000p\000t\000i\000o\000n\000\040\000d\000\351\000t\000a\000i\000l\000l\000\351\000e}{section.4.6}
\BOOKMARK [2][-]{subsection.4.6.2}{\376\377\000D\000o\000c\000u\000m\000e\000n\000t\000a\000t\000i\000o\000n\000\040\000d\000e\000s\000\040\000f\000o\000n\000c\000t\000i\000o\000n\000s}{section.4.6}
\BOOKMARK [3][-]{subsubsection.4.6.2.1}{\376\377\000t\000o\000u\000r\000\137\0002\000o\000p\000t}{subsection.4.6.2}
\BOOKMARK [3][-]{subsubsection.4.6.2.2}{\376\377\000t\000o\000u\000r\000\137\000c\000a\000l\000c\000u\000l\000L\000e\000n\000g\000t\000h}{subsection.4.6.2}
\BOOKMARK [3][-]{subsubsection.4.6.2.3}{\376\377\000t\000o\000u\000r\000\137\000d\000i\000s\000p\000l\000a\000y}{subsection.4.6.2}
\BOOKMARK [3][-]{subsubsection.4.6.2.4}{\376\377\000t\000o\000u\000r\000\137\000i\000n\000i\000t\000i\000a\000l\000i\000z\000e}{subsection.4.6.2}
\BOOKMARK [3][-]{subsubsection.4.6.2.5}{\376\377\000t\000o\000u\000r\000\137\000n\000e\000x\000t\000P\000e\000r\000m\000u\000t\000a\000t\000i\000o\000n}{subsection.4.6.2}
\BOOKMARK [3][-]{subsubsection.4.6.2.6}{\376\377\000t\000o\000u\000r\000\137\000r\000a\000n\000d\000o\000m\000W\000a\000l\000k}{subsection.4.6.2}
\BOOKMARK [1][-]{section.4.7}{\376\377\000R\000\351\000f\000\351\000r\000e\000n\000c\000e\000\040\000d\000u\000\040\000f\000i\000c\000h\000i\000e\000r\000\040\000/\000d\000e\000v\000e\000l\000o\000p\000m\000e\000n\000t\000/\000c\000o\000u\000r\000s\000/\000L\0002\000/\000a\000l\000g\000o\0003\000/\000T\000P\000/\000v\000o\000y\000a\000g\000e\000C\000o\000m\000m\000e\000r\000c\000e\000/\000l\000i\000b\000/\000t\000o\000w\000n\000.\000h}{chapter.4}
\BOOKMARK [2][-]{subsection.4.7.1}{\376\377\000D\000e\000s\000c\000r\000i\000p\000t\000i\000o\000n\000\040\000d\000\351\000t\000a\000i\000l\000l\000\351\000e}{section.4.7}
\BOOKMARK [2][-]{subsection.4.7.2}{\376\377\000D\000o\000c\000u\000m\000e\000n\000t\000a\000t\000i\000o\000n\000\040\000d\000e\000s\000\040\000f\000o\000n\000c\000t\000i\000o\000n\000s}{section.4.7}
\BOOKMARK [3][-]{subsubsection.4.7.2.1}{\376\377\000t\000o\000w\000n\000\137\000i\000n\000i\000t\000i\000a\000l\000i\000z\000e}{subsection.4.7.2}
\BOOKMARK [1][-]{section.4.8}{\376\377\000R\000\351\000f\000\351\000r\000e\000n\000c\000e\000\040\000d\000u\000\040\000f\000i\000c\000h\000i\000e\000r\000\040\000/\000d\000e\000v\000e\000l\000o\000p\000m\000e\000n\000t\000/\000c\000o\000u\000r\000s\000/\000L\0002\000/\000a\000l\000g\000o\0003\000/\000T\000P\000/\000v\000o\000y\000a\000g\000e\000C\000o\000m\000m\000e\000r\000c\000e\000/\000s\000r\000c\000/\000b\000r\000u\000t\000e\000F\000o\000r\000c\000e\000.\000c}{chapter.4}
\BOOKMARK [2][-]{subsection.4.8.1}{\376\377\000D\000e\000s\000c\000r\000i\000p\000t\000i\000o\000n\000\040\000d\000\351\000t\000a\000i\000l\000l\000\351\000e}{section.4.8}
\BOOKMARK [2][-]{subsection.4.8.2}{\376\377\000D\000o\000c\000u\000m\000e\000n\000t\000a\000t\000i\000o\000n\000\040\000d\000e\000s\000\040\000f\000o\000n\000c\000t\000i\000o\000n\000s}{section.4.8}
\BOOKMARK [3][-]{subsubsection.4.8.2.1}{\376\377\000b\000r\000u\000t\000e\000F\000o\000r\000c\000e\000\137\000b\000e\000s\000t\000P\000a\000t\000h}{subsection.4.8.2}
